<?xml version="1.0" encoding="UTF-8"?>
<!-- Generated by org.testng.reporters.JUnitXMLReporter -->
<testsuite ignored="0" hostname="LAPTOP-I5CU4DT5" failures="0" tests="2" name="chrome" time="6.092" errors="0" timestamp="2022-02-14T10:26:04 IST">
  <testcase classname="test.validateTestcaseForFacebook" name="@BeforeMethod validateForLogin" time="3.792">
    <failure type="java.lang.NullPointerException" message="Cannot invoke &amp;quot;org.apache.poi.ss.usermodel.Sheet.getRow(int)&amp;quot; because the return value of &amp;quot;org.apache.poi.ss.usermodel.Workbook.getSheet(String)&amp;quot; is null">
      <![CDATA[java.lang.NullPointerException: Cannot invoke "org.apache.poi.ss.usermodel.Sheet.getRow(int)" because the return value of "org.apache.poi.ss.usermodel.Workbook.getSheet(String)" is null
at utils.Utility.getDataFromExcel(Utility.java:29)
at test.validateTestcaseForFacebook.validateForLogin(validateTestcaseForFacebook.java:69)
at java.base/java.util.ArrayList.forEach(ArrayList.java:1511)
... Removed 31 stack frames]]>
    </failure>
  </testcase> <!-- @BeforeMethod validateForLogin -->
  <testcase classname="test.validateTestcaseForFacebook" name="@AfterMethod ForLogout" time="-1.644814564518E9">
    <skipped/>
  </testcase> <!-- @AfterMethod ForLogout -->
  <testcase classname="test.validateTestcaseForFacebook" name="@BeforeMethod validateForLogin" time="-1.644814564521E9">
    <skipped/>
  </testcase> <!-- @BeforeMethod validateForLogin -->
  <testcase classname="test.validateTestcaseForFacebook" name="@AfterMethod ForLogout" time="-1.644814564534E9">
    <skipped/>
  </testcase> <!-- @AfterMethod ForLogout -->
  <testcase classname="test.validateTestcaseForFacebook" name="@AfterClass ClearthePOMobject" time="-1.644814564543E9">
    <skipped/>
  </testcase> <!-- @AfterClass ClearthePOMobject -->
  <testcase classname="test.validateTestcaseForFacebook" name="@AfterTest CloseTheBrowser" time="-1.644814564548E9">
    <skipped/>
  </testcase> <!-- @AfterTest CloseTheBrowser -->
  <testcase classname="test.validateTestcaseForFacebook" name="ValidateForHomePage" time="0.0">
    <skipped/>
  </testcase> <!-- ValidateForHomePage -->
  <testcase classname="test.validateTestcaseForFacebook" name="validateForFriendRequest" time="0.0">
    <skipped/>
  </testcase> <!-- validateForFriendRequest -->
</testsuite> <!-- chrome -->
